  aacdecoder.cpp
  aacdecoder_lib.cpp
  aacdec_drc.cpp
  aacdec_hcr.cpp
  aacdec_hcrs.cpp
  aacdec_hcr_bit.cpp
  aacdec_pns.cpp
  aacdec_tns.cpp
  aac_ram.cpp
  aac_rom.cpp
  block.cpp
  channel.cpp
  channelinfo.cpp
  conceal.cpp
  FDK_delay.cpp
  ldfiltbank.cpp
  pulsedata.cpp
  rvlc.cpp
  rvlcbit.cpp
  rvlcconceal.cpp
  正在生成代码...
  正在编译...
  stereo.cpp
  usacdec_acelp.cpp
  usacdec_ace_d4t64.cpp
  usacdec_ace_ltp.cpp
  usacdec_fac.cpp
  usacdec_lpc.cpp
  usacdec_lpd.cpp
  usacdec_rom.cpp
  aacenc.cpp
  aacenc_lib.cpp
  aacenc_pns.cpp
  aacEnc_ram.cpp
  aacEnc_rom.cpp
  aacenc_tns.cpp
  adj_thr.cpp
  bandwidth.cpp
  band_nrg.cpp
  bitenc.cpp
  bit_cnt.cpp
  block_switch.cpp
  正在生成代码...
  正在编译...
  channel_map.cpp
  chaosmeasure.cpp
  dyn_bits.cpp
  grp_data.cpp
  intensity.cpp
  line_pe.cpp
  metadata_compressor.cpp
  metadata_main.cpp
  mps_main.cpp
  ms_stereo.cpp
  noisedet.cpp
  pnsparam.cpp
  pre_echo_control.cpp
  psy_configuration.cpp
  psy_main.cpp
  qc_main.cpp
  quantize.cpp
  sf_estim.cpp
  spreading.cpp
  tonality.cpp
  正在生成代码...
  正在编译...
  transform.cpp
  ac_arith_coder.cpp
  drcDec_gainDecoder.cpp
  drcDec_reader.cpp
  drcDec_rom.cpp
  drcDec_selectionProcess.cpp
  drcDec_tools.cpp
  drcGainDec_init.cpp
  drcGainDec_preprocess.cpp
  drcGainDec_process.cpp
  FDK_drcDecLib.cpp
  autocorr2nd.cpp
  dct.cpp
  FDK_bitbuffer.cpp
  FDK_core.cpp
  FDK_crc.cpp
  FDK_decorrelate.cpp
  FDK_hybrid.cpp
  FDK_lpc.cpp
  FDK_matrixCalloc.cpp
  正在生成代码...
  正在编译...
  FDK_qmf_domain.cpp
  FDK_tools_rom.cpp
  FDK_trigFcts.cpp
  fft.cpp
  fft_rad2.cpp
  fixpoint_math.cpp
  huff_nodes.cpp
  mdct.cpp
  nlc_dec.cpp
  qmf.cpp
  scale.cpp
  tpdec_adif.cpp
  tpdec_adts.cpp
  tpdec_asc.cpp
  tpdec_drm.cpp
  tpdec_latm.cpp
  tpdec_lib.cpp
  tpenc_adif.cpp
  tpenc_adts.cpp
  tpenc_asc.cpp
  正在生成代码...
  正在编译...
  tpenc_latm.cpp
  tpenc_lib.cpp
  limiter.cpp
  pcmdmx_lib.cpp
  pcm_utils.cpp
  sac_bitdec.cpp
  sac_calcM1andM2.cpp
  sac_dec.cpp
  sac_dec_conceal.cpp
  sac_dec_lib.cpp
  sac_process.cpp
  sac_qmf.cpp
  sac_reshapeBBEnv.cpp
  sac_rom.cpp
  sac_smoothing.cpp
  sac_stp.cpp
  sac_tsd.cpp
  sacenc_bitstream.cpp
  sacenc_delay.cpp
  sacenc_dmx_tdom_enh.cpp
  正在生成代码...
  正在编译...
  sacenc_filter.cpp
  sacenc_framewindowing.cpp
  sacenc_huff_tab.cpp
  sacenc_lib.cpp
  sacenc_nlc_enc.cpp
  sacenc_onsetdetect.cpp
  sacenc_paramextract.cpp
  sacenc_staticgain.cpp
  sacenc_tree.cpp
  sacenc_vectorfunctions.cpp
  env_calc.cpp
  env_dec.cpp
  env_extr.cpp
  hbe.cpp
  HFgen_preFlat.cpp
  huff_dec.cpp
  lpp_tran.cpp
  psbitdec.cpp
  psdec.cpp
  psdecrom_drm.cpp
  正在生成代码...
  正在编译...
  psdec_drm.cpp
  pvc_dec.cpp
  sbrdecoder.cpp
  sbrdec_drc.cpp
  sbrdec_freq_sca.cpp
  sbr_crc.cpp
  sbr_deb.cpp
  sbr_dec.cpp
  sbr_ram.cpp
  sbr_rom.cpp
  bit_sbr.cpp
  code_env.cpp
  env_bit.cpp
  env_est.cpp
  fram_gen.cpp
  invf_est.cpp
  mh_det.cpp
  nf_est.cpp
  ps_bitenc.cpp
  ps_encode.cpp
  正在生成代码...
  正在编译...
  ps_main.cpp
  resampler.cpp
  sbrenc_freq_sca.cpp
  sbrenc_ram.cpp
  sbrenc_rom.cpp
  sbr_encoder.cpp
  sbr_misc.cpp
  ton_corr.cpp
  tran_det.cpp
  genericStds.cpp
  syslib_channelMapDescr.cpp
  正在生成代码...
C:\Program Files (x86)\Microsoft Visual Studio\2019\Community\MSBuild\Microsoft\VC\v160\Microsoft.CppBuild.targets(1523,5): warning MSB8012: TargetPath(D:\code666\learningrtc\learninglive\x64\Debug\fdk-aac.lib) 与 Library 的 OutputFile 属性值(D:\code666\learningrtc\3rd\fdk-aac-2.0.1\lib\debug64\libfdkaac.lib)不匹配。这可能导致项目生成不正确。若要更正此问题，请确保 $(OutDir)、$(TargetName) 和 $(TargetExt) 属性值与 %(Lib.OutputFile) 中指定的值匹配。
C:\Program Files (x86)\Microsoft Visual Studio\2019\Community\MSBuild\Microsoft\VC\v160\Microsoft.CppBuild.targets(1525,5): warning MSB8012: TargetName(fdk-aac) 与 Library 的 OutputFile 属性值(libfdkaac)不匹配。这可能导致项目生成不正确。若要更正此问题，请确保 $(OutDir)、$(TargetName) 和 $(TargetExt) 属性值与 %(Lib.OutputFile) 中指定的值匹配。
  fdk-aac.vcxproj -> D:\code666\learningrtc\learninglive\x64\Debug\fdk-aac.lib
